C51 COMPILER V9.60.7.0   MAIN                                                              09/17/2024 15:32:59 PAGE 1   


C51 COMPILER V9.60.7.0, COMPILATION OF MODULE MAIN
OBJECT MODULE PLACED IN .\Objects\main.obj
COMPILER INVOKED BY: E:\Keil\C51\BIN\C51.EXE main.c OPTIMIZE(8,SPEED) BROWSE DEBUG OBJECTEXTEND PRINT(.\Listings\main.ls
                    -t) OBJECT(.\Objects\main.obj)

line level    source

   1          #include <reg52.h>
   2          #include <intrins.h>
   3          #define uint unsigned int
   4          #define uchar unsigned char
   5          
   6          sbit K1 = P3^1;
   7          sbit LED1 = P2^0;
   8          
   9          // 共阴极0-F
  10          uchar table[] = {0x3f, 0x06, 0x5b, 0x4f, 0x66, 0x6d, 0x7d, 0x07,
  11                              0x7f, 0x6f, 0x77, 0x7c, 0x39, 0x5e, 0x79, 0x71};
  12          
  13          void delay_10us(uint z){
  14   1          while(z--);
  15   1      }
  16          
  17          uint count = 0;
  18          
  19          void main(){
  20   1          LED1 = 1;
  21   1          P0 = table[count];
  22   1          while(1){
  23   2              if(K1 == 0){
  24   3                  while(!K1); // 确保在按键抬起时
  25   3                  count++;
  26   3              }
  27   2              if(count % 2 == 0 && count != 0){
  28   3                  LED1 = 1;
  29   3              }else if(count % 2 != 0 && count != 0){
  30   3                  LED1 = 0;
  31   3              }
  32   2              P0 = table[count % 16];
  33   2          }
  34   1      }


MODULE INFORMATION:   STATIC OVERLAYABLE
   CODE SIZE        =     71    ----
   CONSTANT SIZE    =   ----    ----
   XDATA SIZE       =   ----    ----
   PDATA SIZE       =   ----    ----
   DATA SIZE        =     18    ----
   IDATA SIZE       =   ----    ----
   BIT SIZE         =   ----    ----
END OF MODULE INFORMATION.


C51 COMPILATION COMPLETE.  0 WARNING(S),  0 ERROR(S)
