C51 COMPILER V9.60.7.0   MAIN                                                              09/16/2024 17:44:38 PAGE 1   


C51 COMPILER V9.60.7.0, COMPILATION OF MODULE MAIN
OBJECT MODULE PLACED IN .\Objects\main.obj
COMPILER INVOKED BY: E:\Keil\C51\BIN\C51.EXE main.c OPTIMIZE(8,SPEED) BROWSE DEBUG OBJECTEXTEND PRINT(.\Listings\main.ls
                    -t) OBJECT(.\Objects\main.obj)

line level    source

   1          #include <reg52.h>
   2          
   3          typedef unsigned int uint;
   4          typedef unsigned char uchar;
   5          
   6          sbit LSA = P2^2;
   7          sbit LSB = P2^3;
   8          sbit LSC = P2^4;
   9          
  10          // 共阴极0-F
  11          uchar table[] = {0x3f, 0x06, 0x5b, 0x4f, 0x66, 0x6d, 0x7d, 0x07,
  12                              0x7f, 0x6f, 0x77, 0x7c, 0x39, 0x5e, 0x79, 0x71};
  13                       
  14          void delay_10us(uint x){
  15   1          while(x--);
  16   1      }
  17          
  18          void main(){
  19   1          while(1){
  20   2              /* 静态数码管
  21   2              P0 = table[0];*/
  22   2              // 动态数码管.
  23   2              uint i = 0;
  24   2              for(i = 0;i < 8;i++){
  25   3                  P0 = table[i];
  26   3                  switch (i) {
  27   4                      case 0:
  28   4                          LSC = 1; LSB = 1; LSA = 1; break;
  29   4                      case 1:
  30   4                          LSC = 1; LSB = 1; LSA = 0; break;
  31   4                      case 2:
  32   4                          LSC = 1; LSB = 0; LSA = 1; break;
  33   4                      case 3:
  34   4                          LSC = 1; LSB = 0; LSA = 0; break;
  35   4                      case 4:
  36   4                          LSC = 0; LSB = 1; LSA = 1; break;
  37   4                      case 5:   
  38   4                          LSC = 0; LSB = 1; LSA = 0; break;
  39   4                      case 6:   
  40   4                          LSC = 0; LSB = 0; LSA = 1; break;
  41   4                      case 7:   
  42   4                          LSC = 0; LSB = 0; LSA = 0; break;
  43   4                  }
  44   3                  delay_10us(50000);
  45   3              }
  46   2          }
  47   1      }


MODULE INFORMATION:   STATIC OVERLAYABLE
   CODE SIZE        =    143    ----
   CONSTANT SIZE    =   ----    ----
   XDATA SIZE       =   ----    ----
   PDATA SIZE       =   ----    ----
C51 COMPILER V9.60.7.0   MAIN                                                              09/16/2024 17:44:38 PAGE 2   

   DATA SIZE        =     16       2
   IDATA SIZE       =   ----    ----
   BIT SIZE         =   ----    ----
END OF MODULE INFORMATION.


C51 COMPILATION COMPLETE.  0 WARNING(S),  0 ERROR(S)
