C51 COMPILER V9.60.7.0   MAIN                                                              10/10/2024 21:24:16 PAGE 1   


C51 COMPILER V9.60.7.0, COMPILATION OF MODULE MAIN
OBJECT MODULE PLACED IN .\Objects\main.obj
COMPILER INVOKED BY: E:\keil_v5\keil_c51\C51\BIN\C51.EXE main.c OPTIMIZE(8,SPEED) BROWSE DEBUG OBJECTEXTEND PRINT(.\List
                    -ings\main.lst) OBJECT(.\Objects\main.obj)

line level    source

   1          #include <reg52.h>
   2          #include <intrins.h>
   3          #define uint unsigned int
   4          #define uchar unsigned char
   5          
   6          sbit LED1 = P2^0;
   7          
   8          void delay_10us(uint z){
   9   1          while(z--);
  10   1      }
  11          
  12          void delay_ms(uint ms){
  13   1          uint i, j;
  14   1          for(i = ms;i > 0;i--){
  15   2              for(j = 110;j > 0;j--);
  16   2          }
  17   1      }
  18          
  19          void time0_init(){
  20   1          TMOD |= 0x01;
  21   1          ET0 = 1;  //打开定时器0中断允许
  22   1          EA = 1;  //打开总中断允许
  23   1          TR0 = 1;  //打开定时器
  24   1          TH0 = 0xFC;
  25   1          TL0 = 0x66;
  26   1      }
  27          
  28          void time0() interrupt 1{
  29   1          static uint cnt = 0;
  30   1          TH0 = 0xFC;
  31   1          TL0 = 0x66;
  32   1          cnt++;
  33   1          if(cnt == 1000){
  34   2              cnt = 0;
  35   2              LED1 = !LED1;
  36   2          }
  37   1      }
  38          
  39          void main(){
  40   1          time0_init();
  41   1          while(1){
  42   2              
  43   2          }
  44   1      }


MODULE INFORMATION:   STATIC OVERLAYABLE
   CODE SIZE        =    101    ----
   CONSTANT SIZE    =   ----    ----
   XDATA SIZE       =   ----    ----
   PDATA SIZE       =   ----    ----
   DATA SIZE        =      2    ----
   IDATA SIZE       =   ----    ----
   BIT SIZE         =   ----    ----
C51 COMPILER V9.60.7.0   MAIN                                                              10/10/2024 21:24:16 PAGE 2   

END OF MODULE INFORMATION.


C51 COMPILATION COMPLETE.  0 WARNING(S),  0 ERROR(S)
