C51 COMPILER V9.60.7.0   MAIN                                                              09/16/2024 14:44:35 PAGE 1   


C51 COMPILER V9.60.7.0, COMPILATION OF MODULE MAIN
OBJECT MODULE PLACED IN .\Objects\main.obj
COMPILER INVOKED BY: E:\Keil\C51\BIN\C51.EXE main.c OPTIMIZE(8,SPEED) BROWSE DEBUG OBJECTEXTEND PRINT(.\Listings\main.ls
                    -t) OBJECT(.\Objects\main.obj)

line level    source

   1          #include <reg52.h>
   2          
   3          #define uint unsigned int
   4          #define uchar unsigned char
   5          
   6          sbit BEEP = P2^5;
   7          
   8          void delay(uint z){
   9   1          uint x,y;
  10   1          for(x = z;x > 0;x--){
  11   2              for(y = 144;y > 0;y--);
  12   2          }
  13   1      }
  14                  
  15          void main(){
  16   1          
  17   1              while(1){
  18   2              BEEP = 1;
  19   2              delay(500);
  20   2              BEEP = ~BEEP;
  21   2              delay(500);
  22   2              }
  23   1      }


MODULE INFORMATION:   STATIC OVERLAYABLE
   CODE SIZE        =     50    ----
   CONSTANT SIZE    =   ----    ----
   XDATA SIZE       =   ----    ----
   PDATA SIZE       =   ----    ----
   DATA SIZE        =   ----    ----
   IDATA SIZE       =   ----    ----
   BIT SIZE         =   ----    ----
END OF MODULE INFORMATION.


C51 COMPILATION COMPLETE.  0 WARNING(S),  0 ERROR(S)
