C51 COMPILER V9.60.7.0   LED                                                               09/16/2024 11:57:00 PAGE 1   


C51 COMPILER V9.60.7.0, COMPILATION OF MODULE LED
OBJECT MODULE PLACED IN .\Objects\led.obj
COMPILER INVOKED BY: E:\Keil\C51\BIN\C51.EXE led.c OPTIMIZE(8,SPEED) BROWSE DEBUG OBJECTEXTEND PRINT(.\Listings\led.lst)
                    - OBJECT(.\Objects\led.obj)

line level    source

   1          #include <reg52.h>
   2          #include <intrins.h>
   3          #define uint unsigned int
   4          #define uchar unsigned char
   5          
   6          sbit LED1 = P2^0;
   7          
   8          void delay(uint z){
   9   1          uint x,y;
  10   1          for(x = z;x > 0;x--){
  11   2              for(y = 144;y > 0;y--);
  12   2          }
  13   1      }
  14                  
  15          void main(){
  16   1          P2 = 0xfe;
  17   1              while(1){
  18   2              /* 简单的点亮与闪烁
  19   2                      LED1 = 0;
  20   2                      delay(200);
  21   2                      LED1 = 1;
  22   2                      delay(200);*/
  23   2              
  24   2              // 流水灯
  25   2              P2 = _crol_(P2,1);
  26   2              delay(500);
  27   2              }
  28   1      }


MODULE INFORMATION:   STATIC OVERLAYABLE
   CODE SIZE        =     55    ----
   CONSTANT SIZE    =   ----    ----
   XDATA SIZE       =   ----    ----
   PDATA SIZE       =   ----    ----
   DATA SIZE        =   ----    ----
   IDATA SIZE       =   ----    ----
   BIT SIZE         =   ----    ----
END OF MODULE INFORMATION.


C51 COMPILATION COMPLETE.  0 WARNING(S),  0 ERROR(S)
