C51 COMPILER V9.60.7.0   MAIN                                                              09/25/2024 20:23:34 PAGE 1   


C51 COMPILER V9.60.7.0, COMPILATION OF MODULE MAIN
OBJECT MODULE PLACED IN .\Objects\main.obj
COMPILER INVOKED BY: E:\Keil\C51\BIN\C51.EXE main.c OPTIMIZE(8,SPEED) BROWSE DEBUG OBJECTEXTEND PRINT(.\Listings\main.ls
                    -t) OBJECT(.\Objects\main.obj)

line level    source

   1          #include <reg52.h>
   2          #include <intrins.h>
   3          #define uint unsigned int
   4          #define uchar unsigned char
   5          
   6          sbit SER = P3^4;
   7          sbit SCLK = P3^5; // 上升沿触发，将寄存器中的值送到端口
   8          sbit SRCLK = P3^6; // 上升沿触发，将数据送到寄存器
   9          
  10          uint gled_row[] = {0x00,0x3E,0x41,0x41,0x41,0x3E,0x00,0x00};
  11          
  12          void delay_10us(uint z){
  13   1          while(z--);
  14   1      }
  15          
  16          void delay_ms(uint ms){
  17   1          uint i, j;
  18   1          for(i = ms;i > 0;i--){
  19   2              for(j = 110;j > 0;j--);
  20   2          }
  21   1      }
  22          
  23          //8*8点阵
  24          void hc595_data(uchar dat){
  25   1          uint i = 0;
  26   1          for(i = 0;i < 8;i++){
  27   2              SER = dat >> 7;
  28   2              dat <<= 1;
  29   2              SRCLK = 0;
  30   2              _nop_();
  31   2              SRCLK = 1;
  32   2              _nop_();
  33   2          }
  34   1          SCLK = 0;
  35   1          _nop_();
  36   1          SCLK = 1;
  37   1      }
  38          
  39          // 16*16点阵
  40          void hc595_data1(uchar dat1, uchar dat2, uchar dat3, uchar dat4){
  41   1          uint i = 0;
  42   1          for(i = 0;i < 8;i++){
  43   2              SER = dat4 >> 7;
  44   2              dat4 <<= 1;
  45   2              SRCLK = 0;
  46   2              _nop_();
  47   2              SRCLK = 1;
  48   2              _nop_();
  49   2          }
  50   1          for(i = 0;i < 8;i++){
  51   2              SER = dat3 >> 7;
  52   2              dat3 <<= 1;
  53   2              SRCLK = 0;
  54   2              _nop_();
C51 COMPILER V9.60.7.0   MAIN                                                              09/25/2024 20:23:34 PAGE 2   

  55   2              SRCLK = 1;
  56   2              _nop_();
  57   2          }
  58   1          for(i = 0;i < 8;i++){
  59   2              SER = dat2 >> 7;
  60   2              dat2 <<= 1;
  61   2              SRCLK = 0;
  62   2              _nop_();
  63   2              SRCLK = 1;
  64   2              _nop_();
  65   2          }
  66   1          for(i = 0;i < 8;i++){
  67   2              SER = dat1 >> 7;
  68   2              dat1 <<= 1;
  69   2              SRCLK = 0;
  70   2              _nop_();
  71   2              SRCLK = 1;
  72   2              _nop_();
  73   2          }
  74   1          SCLK = 0;
  75   1          _nop_();
  76   1          SCLK = 1;
  77   1      }
  78          
  79          void main(){
  80   1          while(1){
  81   2              uint i = 0;
  82   2              P0 = 0x7f;
  83   2              for(i = 0;i < 8;i++){
  84   3                  if(i != 0)
  85   3                      P0 = _cror_(P0, 1);
  86   3                  hc595_data(gled_row[i]);
  87   3                  delay_ms(1);
  88   3                  hc595_data(0); // 消隐
  89   3              }
  90   2          }
  91   1      }


MODULE INFORMATION:   STATIC OVERLAYABLE
   CODE SIZE        =    308    ----
   CONSTANT SIZE    =   ----    ----
   XDATA SIZE       =   ----    ----
   PDATA SIZE       =   ----    ----
   DATA SIZE        =     16       6
   IDATA SIZE       =   ----    ----
   BIT SIZE         =   ----    ----
END OF MODULE INFORMATION.


C51 COMPILATION COMPLETE.  0 WARNING(S),  0 ERROR(S)
