C51 COMPILER V9.60.7.0   MAIN                                                              09/25/2024 21:04:34 PAGE 1   


C51 COMPILER V9.60.7.0, COMPILATION OF MODULE MAIN
OBJECT MODULE PLACED IN .\Objects\main.obj
COMPILER INVOKED BY: E:\Keil\C51\BIN\C51.EXE main.c OPTIMIZE(8,SPEED) BROWSE DEBUG OBJECTEXTEND PRINT(.\Listings\main.ls
                    -t) OBJECT(.\Objects\main.obj)

line level    source

   1          #include <reg52.h>
   2          #include <intrins.h>
   3          #define uint unsigned int
   4          #define uchar unsigned char
   5          
   6          sbit OUT1 = P1^0;
   7          
   8          void delay_10us(uint z){
   9   1          while(z--);
  10   1      }
  11          
  12          void delay_ms(uint ms){
  13   1          uint i, j;
  14   1          for(i = ms;i > 0;i--){
  15   2              for(j = 110;j > 0;j--);
  16   2          }
  17   1      }
  18          
  19          void main(){
  20   1          OUT1 = 1;
  21   1          delay_ms(5000);
  22   1          OUT1 = 0;
  23   1          while(1){
  24   2             
  25   2          }
  26   1      }


MODULE INFORMATION:   STATIC OVERLAYABLE
   CODE SIZE        =     54    ----
   CONSTANT SIZE    =   ----    ----
   XDATA SIZE       =   ----    ----
   PDATA SIZE       =   ----    ----
   DATA SIZE        =   ----    ----
   IDATA SIZE       =   ----    ----
   BIT SIZE         =   ----    ----
END OF MODULE INFORMATION.


C51 COMPILATION COMPLETE.  0 WARNING(S),  0 ERROR(S)
