C51 COMPILER V9.60.7.0   MAIN                                                              10/08/2024 23:11:12 PAGE 1   


C51 COMPILER V9.60.7.0, COMPILATION OF MODULE MAIN
OBJECT MODULE PLACED IN .\Objects\main.obj
COMPILER INVOKED BY: E:\keil_v5\keil_c51\C51\BIN\C51.EXE main.c OPTIMIZE(8,SPEED) BROWSE DEBUG OBJECTEXTEND PRINT(.\List
                    -ings\main.lst) OBJECT(.\Objects\main.obj)

line level    source

   1          #include <reg52.h>
   2          #include <intrins.h>
   3          #define uint unsigned int
   4          #define uchar unsigned char
   5          
   6          sbit KEY3 = P3^2;
   7          sbit LED1 = P2^0;
   8          
   9          void delay_10us(uint z){
  10   1          while(z--);
  11   1      }
  12          
  13          void delay_ms(uint ms){
  14   1          uint i, j;
  15   1          for(i = ms;i > 0;i--){
  16   2              for(j = 110;j > 0;j--);
  17   2          }
  18   1      }
  19          
  20          void int0() interrupt 0{
  21   1          delay_ms(5);
  22   1          if(KEY3 == 0){
  23   2              LED1 = !LED1;
  24   2          }
  25   1          while(!KEY3);
  26   1      }
  27          
  28          void main(){
  29   1          EA = 1;
  30   1          EX0 = 1;
  31   1          IT0 = 1;
  32   1      }


MODULE INFORMATION:   STATIC OVERLAYABLE
   CODE SIZE        =     91    ----
   CONSTANT SIZE    =   ----    ----
   XDATA SIZE       =   ----    ----
   PDATA SIZE       =   ----    ----
   DATA SIZE        =   ----    ----
   IDATA SIZE       =   ----    ----
   BIT SIZE         =   ----    ----
END OF MODULE INFORMATION.


C51 COMPILATION COMPLETE.  0 WARNING(S),  0 ERROR(S)
