C51 COMPILER V9.60.7.0   MAIN                                                              10/10/2024 23:14:28 PAGE 1   


C51 COMPILER V9.60.7.0, COMPILATION OF MODULE MAIN
OBJECT MODULE PLACED IN .\Objects\main.obj
COMPILER INVOKED BY: E:\keil_v5\keil_c51\C51\BIN\C51.EXE main.c OPTIMIZE(8,SPEED) BROWSE DEBUG OBJECTEXTEND PRINT(.\List
                    -ings\main.lst) OBJECT(.\Objects\main.obj)

line level    source

   1          #include <reg52.h>
   2          #include <intrins.h>
   3          #define uint unsigned int
   4          #define uchar unsigned char
   5          
   6          void delay_10us(uint z){
   7   1          while(z--);
   8   1      }
   9          
  10          void delay_ms(uint ms){
  11   1          uint i, j;
  12   1          for(i = ms;i > 0;i--){
  13   2              for(j = 110;j > 0;j--);
  14   2          }
  15   1      }
  16          
  17          void uart_init(uchar baud){
  18   1          TMOD |= 0x20;
  19   1          ET0 = 1;  //打开定时器0中断允许
  20   1          ES = 1;  //打开串口
  21   1          EA = 1;  //打开总中断允许
  22   1          SCON = 0x50;  //设置工作方式1
  23   1          PCON = 0x80;  //波特率加倍
  24   1          TH1 = baud;
  25   1          TL1 = baud;
  26   1          TR1 = 1;  //打开定时器
  27   1      }
  28          
  29          void uart() interrupt 4{
  30   1          uchar dat;
  31   1          RI = 0;  //清零
  32   1          dat = SBUF;
  33   1          SBUF = dat;
  34   1          while(!TI);
  35   1          TI = 0;
  36   1      }
  37          
  38          void main(){
  39   1          uart_init(0xFA);
  40   1          while(1){
  41   2              
  42   2          }
  43   1      }


MODULE INFORMATION:   STATIC OVERLAYABLE
   CODE SIZE        =     93    ----
   CONSTANT SIZE    =   ----    ----
   XDATA SIZE       =   ----    ----
   PDATA SIZE       =   ----    ----
   DATA SIZE        =   ----    ----
   IDATA SIZE       =   ----    ----
   BIT SIZE         =   ----    ----
END OF MODULE INFORMATION.

C51 COMPILER V9.60.7.0   MAIN                                                              10/10/2024 23:14:28 PAGE 2   


C51 COMPILATION COMPLETE.  0 WARNING(S),  0 ERROR(S)
